<?xml version="1.0" encoding="UTF-8"?>
<!-- Generated by org.testng.reporters.JUnitXMLReporter -->
<testsuite ignored="16" hostname="Taha" failures="1" tests="1" name="Procademi_project" time="27.238" errors="0" timestamp="2023-11-22T16:37:51 EET">
  <testcase classname="booksTests" name="checkIfCanOpenDetailsofAllBookAddBuyItAsUser" time="18.553">
    <failure type="org.openqa.selenium.NoSuchWindowException" message="no such window: target window already closed
from unknown error: web view not found
  (Session info: chrome=119.0.6045.160)
Build info: version: &amp;apos;4.11.0&amp;apos;, revision: &amp;apos;040bc5406b&amp;apos;
System info: os.name: &amp;apos;Windows 11&amp;apos;, os.arch: &amp;apos;amd64&amp;apos;, os.version: &amp;apos;10.0&amp;apos;, java.version: &amp;apos;17.0.8.1&amp;apos;
Driver info: org.openqa.selenium.chrome.ChromeDriver
Command: [ad850480074ce63e9fbba09827a4594b, executeScript {script=window.scrollTo(0, document.body.scrollHeight/4);, args=[]}]
Capabilities {acceptInsecureCerts: false, browserName: chrome, browserVersion: 119.0.6045.160, chrome: {chromedriverVersion: 119.0.6045.105 (38c72552c5e..., userDataDir: C:\Users\tahae\AppData\Loca...}, fedcm:accounts: true, goog:chromeOptions: {debuggerAddress: localhost:63739}, networkConnectionEnabled: false, pageLoadStrategy: normal, platformName: windows, proxy: Proxy(), se:cdp: ws://localhost:63739/devtoo..., se:cdpVersion: 119.0.6045.160, setWindowRect: true, strictFileInteractability: false, timeouts: {implicit: 0, pageLoad: 300000, script: 30000}, unhandledPromptBehavior: dismiss and notify, webauthn:extension:credBlob: true, webauthn:extension:largeBlob: true, webauthn:extension:minPinLength: true, webauthn:extension:prf: true, webauthn:virtualAuthenticators: true}
Session ID: ad850480074ce63e9fbba09827a4594b">
      <![CDATA[org.openqa.selenium.NoSuchWindowException: no such window: target window already closed
from unknown error: web view not found
  (Session info: chrome=119.0.6045.160)
Build info: version: '4.11.0', revision: '040bc5406b'
System info: os.name: 'Windows 11', os.arch: 'amd64', os.version: '10.0', java.version: '17.0.8.1'
Driver info: org.openqa.selenium.chrome.ChromeDriver
Command: [ad850480074ce63e9fbba09827a4594b, executeScript {script=window.scrollTo(0, document.body.scrollHeight/4);, args=[]}]
Capabilities {acceptInsecureCerts: false, browserName: chrome, browserVersion: 119.0.6045.160, chrome: {chromedriverVersion: 119.0.6045.105 (38c72552c5e..., userDataDir: C:\Users\tahae\AppData\Loca...}, fedcm:accounts: true, goog:chromeOptions: {debuggerAddress: localhost:63739}, networkConnectionEnabled: false, pageLoadStrategy: normal, platformName: windows, proxy: Proxy(), se:cdp: ws://localhost:63739/devtoo..., se:cdpVersion: 119.0.6045.160, setWindowRect: true, strictFileInteractability: false, timeouts: {implicit: 0, pageLoad: 300000, script: 30000}, unhandledPromptBehavior: dismiss and notify, webauthn:extension:credBlob: true, webauthn:extension:largeBlob: true, webauthn:extension:minPinLength: true, webauthn:extension:prf: true, webauthn:virtualAuthenticators: true}
Session ID: ad850480074ce63e9fbba09827a4594b
at org.openqa.selenium.remote.codec.w3c.W3CHttpResponseCodec.createException(W3CHttpResponseCodec.java:200)
at org.openqa.selenium.remote.codec.w3c.W3CHttpResponseCodec.decode(W3CHttpResponseCodec.java:133)
at org.openqa.selenium.remote.codec.w3c.W3CHttpResponseCodec.decode(W3CHttpResponseCodec.java:52)
at org.openqa.selenium.remote.HttpCommandExecutor.execute(HttpCommandExecutor.java:191)
at org.openqa.selenium.remote.service.DriverCommandExecutor.invokeExecute(DriverCommandExecutor.java:196)
at org.openqa.selenium.remote.service.DriverCommandExecutor.execute(DriverCommandExecutor.java:171)
at org.openqa.selenium.remote.RemoteWebDriver.execute(RemoteWebDriver.java:518)
at org.openqa.selenium.remote.RemoteWebDriver.executeScript(RemoteWebDriver.java:463)
at Pages.books.openAllBookDetailsBook(books.java:102)
at booksTests.checkIfCanOpenDetailsofAllBookAddBuyItAsUser(booksTests.java:104)
at java.base/java.util.ArrayList.forEach(ArrayList.java:1511)
at com.intellij.rt.testng.IDEARemoteTestNG.run(IDEARemoteTestNG.java:66)
at com.intellij.rt.testng.RemoteTestNGStarter.main(RemoteTestNGStarter.java:105)
... Removed 28 stack frames]]>
    </failure>
  </testcase> <!-- checkIfCanOpenDetailsofAllBookAddBuyItAsUser -->
  <testcase classname="booksTests" name="checkIfCanOpenDetailsofNewBookAddBuyItAsUser" time="0.0">
    <ignored/>
  </testcase> <!-- checkIfCanOpenDetailsofNewBookAddBuyItAsUser -->
  <testcase classname="booksTests" name="checkIfCanOpenDetailsofAllBookAddBuyItAsGuest" time="0.0">
    <ignored/>
  </testcase> <!-- checkIfCanOpenDetailsofAllBookAddBuyItAsGuest -->
  <testcase classname="booksTests" name="checkIfCanOpenDetailsofNewBookAddItToWishListAsUser" time="0.0">
    <ignored/>
  </testcase> <!-- checkIfCanOpenDetailsofNewBookAddItToWishListAsUser -->
  <testcase classname="booksTests" name="checkAddBookToWishListFromWishListMarkAsGuest" time="0.0">
    <ignored/>
  </testcase> <!-- checkAddBookToWishListFromWishListMarkAsGuest -->
  <testcase classname="booksTests" name="checkIfCanOpenDetailsofRecommendedBookAddBuyItAsUser" time="0.0">
    <ignored/>
  </testcase> <!-- checkIfCanOpenDetailsofRecommendedBookAddBuyItAsUser -->
  <testcase classname="booksTests" name="checkAddBookToCartFromCartMarkAsGuest" time="0.0">
    <ignored/>
  </testcase> <!-- checkAddBookToCartFromCartMarkAsGuest -->
  <testcase classname="booksTests" name="checkIfCanOpenDetailsofNewBookAddItToWishListAsGuest" time="0.0">
    <ignored/>
  </testcase> <!-- checkIfCanOpenDetailsofNewBookAddItToWishListAsGuest -->
  <testcase classname="booksTests" name="checdonatedBookfromgiftMarkAsUser" time="0.0">
    <ignored/>
  </testcase> <!-- checdonatedBookfromgiftMarkAsUser -->
  <testcase classname="booksTests" name="checkIfCanOpenDetailsofRecommendedBookAddItToWishListAsGuest" time="0.0">
    <ignored/>
  </testcase> <!-- checkIfCanOpenDetailsofRecommendedBookAddItToWishListAsGuest -->
  <testcase classname="booksTests" name="checkIfCanOpenDetailsofAllBookAddItToWishListAsUser" time="0.0">
    <ignored/>
  </testcase> <!-- checkIfCanOpenDetailsofAllBookAddItToWishListAsUser -->
  <testcase classname="booksTests" name="checkIfCanOpenDetailsofAllBookAddItToWishListAsGuest" time="0.0">
    <ignored/>
  </testcase> <!-- checkIfCanOpenDetailsofAllBookAddItToWishListAsGuest -->
  <testcase classname="booksTests" name="checkIfCanOpenDetailsofRecommendedBookAddItToWishListAsUser" time="0.0">
    <ignored/>
  </testcase> <!-- checkIfCanOpenDetailsofRecommendedBookAddItToWishListAsUser -->
  <testcase classname="booksTests" name="checkIfCanOpenDetailsofNewBookAndbuyItAsGuest" time="0.0">
    <ignored/>
  </testcase> <!-- checkIfCanOpenDetailsofNewBookAndbuyItAsGuest -->
  <testcase classname="booksTests" name="checkIfCanOpenDetailsofRecommendedBookAndbuyItAsGuest" time="0.0">
    <ignored/>
  </testcase> <!-- checkIfCanOpenDetailsofRecommendedBookAndbuyItAsGuest -->
  <testcase classname="booksTests" name="checkAddBookToCartFromCartMarkAsUser" time="0.0">
    <ignored/>
  </testcase> <!-- checkAddBookToCartFromCartMarkAsUser -->
  <testcase classname="booksTests" name="checkAddBookToWishListFromWishListMarkAsUser" time="0.0">
    <ignored/>
  </testcase> <!-- checkAddBookToWishListFromWishListMarkAsUser -->
</testsuite> <!-- Procademi_project -->
