{"uuid":"1ab02d92-de59-4060-a623-35de53cf1ca3","historyId":"8b7e8f15b696669f21b921c3ebf012a","fullName":"registerationTests.RegisterTest_withDuplicatedData_N","labels":[{"name":"package","value":"registerationTests"},{"name":"testClass","value":"registerationTests"},{"name":"testMethod","value":"RegisterTest_withDuplicatedData_N"},{"name":"parentSuite","value":"Default Suite"},{"name":"suite","value":"Procademi_project"},{"name":"subSuite","value":"registerationTests"},{"name":"host","value":"Taha"},{"name":"thread","value":"27184@Taha.main(1)"},{"name":"framework","value":"testng"},{"name":"language","value":"java"}],"links":[],"name":"RegisterTest_withDuplicatedData_N","status":"broken","statusDetails":{"known":false,"muted":false,"flaky":false,"message":"java.io.FileNotFoundException: E:\\sbs\\pokademiproject\\Procademi_project\\src\\test\\resources\\screenshots\\duplicated_registerTue-Oct-31-13-12-51-EET-2023.png (The system cannot find the path specified)","trace":"java.lang.RuntimeException: java.io.FileNotFoundException: E:\\sbs\\pokademiproject\\Procademi_project\\src\\test\\resources\\screenshots\\duplicated_registerTue-Oct-31-13-12-51-EET-2023.png (The system cannot find the path specified)\r\n\tat Utilities.utiliy.Capturescreenshots(utiliy.java:48)\r\n\tat registerationTests.RegisterTest_withDuplicatedData_N(registerationTests.java:36)\r\n\tat java.base/jdk.internal.reflect.NativeMethodAccessorImpl.invoke0(Native Method)\r\n\tat java.base/jdk.internal.reflect.NativeMethodAccessorImpl.invoke(NativeMethodAccessorImpl.java:77)\r\n\tat java.base/jdk.internal.reflect.DelegatingMethodAccessorImpl.invoke(DelegatingMethodAccessorImpl.java:43)\r\n\tat java.base/java.lang.reflect.Method.invoke(Method.java:568)\r\n\tat org.testng.internal.invokers.MethodInvocationHelper.invokeMethod(MethodInvocationHelper.java:135)\r\n\tat org.testng.internal.invokers.TestInvoker.invokeMethod(TestInvoker.java:673)\r\n\tat org.testng.internal.invokers.TestInvoker.invokeTestMethod(TestInvoker.java:220)\r\n\tat org.testng.internal.invokers.MethodRunner.runInSequence(MethodRunner.java:50)\r\n\tat org.testng.internal.invokers.TestInvoker$MethodInvocationAgent.invoke(TestInvoker.java:945)\r\n\tat org.testng.internal.invokers.TestInvoker.invokeTestMethods(TestInvoker.java:193)\r\n\tat org.testng.internal.invokers.TestMethodWorker.invokeTestMethods(TestMethodWorker.java:146)\r\n\tat org.testng.internal.invokers.TestMethodWorker.run(TestMethodWorker.java:128)\r\n\tat java.base/java.util.ArrayList.forEach(ArrayList.java:1511)\r\n\tat org.testng.TestRunner.privateRun(TestRunner.java:808)\r\n\tat org.testng.TestRunner.run(TestRunner.java:603)\r\n\tat org.testng.SuiteRunner.runTest(SuiteRunner.java:429)\r\n\tat org.testng.SuiteRunner.runSequentially(SuiteRunner.java:423)\r\n\tat org.testng.SuiteRunner.privateRun(SuiteRunner.java:383)\r\n\tat org.testng.SuiteRunner.run(SuiteRunner.java:326)\r\n\tat org.testng.SuiteRunnerWorker.runSuite(SuiteRunnerWorker.java:52)\r\n\tat org.testng.SuiteRunnerWorker.run(SuiteRunnerWorker.java:95)\r\n\tat org.testng.TestNG.runSuitesSequentially(TestNG.java:1249)\r\n\tat org.testng.TestNG.runSuitesLocally(TestNG.java:1169)\r\n\tat org.testng.TestNG.runSuites(TestNG.java:1092)\r\n\tat org.testng.TestNG.run(TestNG.java:1060)\r\n\tat com.intellij.rt.testng.IDEARemoteTestNG.run(IDEARemoteTestNG.java:66)\r\n\tat com.intellij.rt.testng.RemoteTestNGStarter.main(RemoteTestNGStarter.java:105)\r\nCaused by: java.io.FileNotFoundException: E:\\sbs\\pokademiproject\\Procademi_project\\src\\test\\resources\\screenshots\\duplicated_registerTue-Oct-31-13-12-51-EET-2023.png (The system cannot find the path specified)\r\n\tat java.base/java.io.FileOutputStream.open0(Native Method)\r\n\tat java.base/java.io.FileOutputStream.open(FileOutputStream.java:293)\r\n\tat java.base/java.io.FileOutputStream.<init>(FileOutputStream.java:235)\r\n\tat java.base/java.io.FileOutputStream.<init>(FileOutputStream.java:184)\r\n\tat org.openqa.selenium.io.FileHandler.copyFile(FileHandler.java:131)\r\n\tat org.openqa.selenium.io.FileHandler.copy(FileHandler.java:110)\r\n\tat Utilities.utiliy.Capturescreenshots(utiliy.java:46)\r\n\t... 28 more\r\n"},"stage":"finished","steps":[],"attachments":[],"parameters":[{"name":"","value":""}],"start":1698750771122,"stop":1698750772110}